<?xml version="1.0" encoding="UTF-8"?>
<!-- Generated by org.testng.reporters.JUnitReportReporter -->
<testsuite hostname="IN-OLX-PF2SH88V" failures="0" tests="14" name="TestRunner.Testrunner" time="0.271" errors="0" timestamp="2024-07-23T19:53:05 IST" skipped="0">
  <testcase classname="TestRunner.Testrunner" name="runScenario" time="0.012"/>
  <testcase classname="TestRunner.Testrunner" name="runScenario" time="0.009"/>
  <testcase classname="TestRunner.Testrunner" name="runScenario" time="0.014"/>
  <testcase classname="TestRunner.Testrunner" name="runScenario" time="0.009"/>
  <testcase classname="TestRunner.Testrunner" name="runScenario" time="0.016"/>
  <testcase classname="TestRunner.Testrunner" name="runScenario" time="0.018"/>
  <testcase classname="TestRunner.Testrunner" name="runScenario" time="0.012"/>
  <testcase classname="TestRunner.Testrunner" name="runScenario" time="0.016"/>
  <testcase classname="TestRunner.Testrunner" name="runScenario" time="0.021"/>
  <testcase classname="TestRunner.Testrunner" name="runScenario" time="0.013"/>
  <testcase classname="TestRunner.Testrunner" name="runScenario" time="0.012"/>
  <testcase classname="TestRunner.Testrunner" name="runScenario" time="0.092"/>
  <testcase classname="TestRunner.Testrunner" name="runScenario" time="0.015"/>
  <testcase classname="TestRunner.Testrunner" name="runScenario" time="0.012"/>
</testsuite> <!-- TestRunner.Testrunner -->
